D:\PROIECT\C_PROGRAM\SMARTSTUDENTMANGER\DEBUG\SMARTSTUDENTMANGER.EXE
D:\PROIECT\C_PROGRAM\SMARTSTUDENTMANGER\DEBUG\SMARTSTUDENTMANGER.ILK
D:\PROIECT\C_PROGRAM\SMARTSTUDENTMANGER\DEBUG\SMARTSTUDENTMANGER.PDB
D:\Proiect\C_program\SmartStudentManger\SmartStudentManger\Debug\cl.command.1.tlog
D:\Proiect\C_program\SmartStudentManger\SmartStudentManger\Debug\CL.read.1.tlog
D:\Proiect\C_program\SmartStudentManger\SmartStudentManger\Debug\CL.write.1.tlog
D:\Proiect\C_program\SmartStudentManger\SmartStudentManger\Debug\link.8108.read.1.tlog
D:\Proiect\C_program\SmartStudentManger\SmartStudentManger\Debug\link.8108.write.1.tlog
D:\Proiect\C_program\SmartStudentManger\SmartStudentManger\Debug\link.8108-cvtres.read.1.tlog
D:\Proiect\C_program\SmartStudentManger\SmartStudentManger\Debug\link.8108-cvtres.write.1.tlog
D:\Proiect\C_program\SmartStudentManger\SmartStudentManger\Debug\link.command.1.tlog
D:\Proiect\C_program\SmartStudentManger\SmartStudentManger\Debug\link.read.1.tlog
D:\Proiect\C_program\SmartStudentManger\SmartStudentManger\Debug\link.write.1.tlog
D:\Proiect\C_program\SmartStudentManger\SmartStudentManger\Debug\link-cvtres.read.1.tlog
D:\Proiect\C_program\SmartStudentManger\SmartStudentManger\Debug\link-cvtres.write.1.tlog
D:\Proiect\C_program\SmartStudentManger\SmartStudentManger\Debug\mt.command.1.tlog
D:\Proiect\C_program\SmartStudentManger\SmartStudentManger\Debug\mt.read.1.tlog
D:\Proiect\C_program\SmartStudentManger\SmartStudentManger\Debug\mt.write.1.tlog
D:\Proiect\C_program\SmartStudentManger\SmartStudentManger\Debug\rc.command.1.tlog
D:\Proiect\C_program\SmartStudentManger\SmartStudentManger\Debug\rc.read.1.tlog
D:\Proiect\C_program\SmartStudentManger\SmartStudentManger\Debug\rc.write.1.tlog
D:\PROIECT\C_PROGRAM\SMARTSTUDENTMANGER\SMARTSTUDENTMANGER\DEBUG\SMARTSTUDENTMANGER.EXE.EMBED.MANIFEST
D:\PROIECT\C_PROGRAM\SMARTSTUDENTMANGER\SMARTSTUDENTMANGER\DEBUG\SMARTSTUDENTMANGER.EXE.EMBED.MANIFEST.RES
D:\PROIECT\C_PROGRAM\SMARTSTUDENTMANGER\SMARTSTUDENTMANGER\DEBUG\SMARTSTUDENTMANGER.EXE.INTERMEDIATE.MANIFEST
D:\PROIECT\C_PROGRAM\SMARTSTUDENTMANGER\SMARTSTUDENTMANGER\DEBUG\SMARTSTUDENTMANGER.OBJ
D:\PROIECT\C_PROGRAM\SMARTSTUDENTMANGER\SMARTSTUDENTMANGER\DEBUG\SMARTSTUDENTMANGER.PCH
D:\Proiect\C_program\SmartStudentManger\SmartStudentManger\Debug\SmartStudentManger.write.1.tlog
D:\Proiect\C_program\SmartStudentManger\SmartStudentManger\Debug\SmartStudentManger_manifest.rc
D:\PROIECT\C_PROGRAM\SMARTSTUDENTMANGER\SMARTSTUDENTMANGER\DEBUG\STDAFX.OBJ
D:\Proiect\C_program\SmartStudentManger\SmartStudentManger\Debug\vc100.idb
D:\PROIECT\C_PROGRAM\SMARTSTUDENTMANGER\SMARTSTUDENTMANGER\DEBUG\VC100.PDB
